750
122
22
775
906
48
779
23
567
13
606
287
113
516
4
314
34
275
109
480
745
451
803
457
463
905
179
364
81
450
228
87
211
38
423
756
899
890
78
286
103
294
557
509
969
436
196
247
145
768
83
860
5
939
526
645
588
154
70
561
272
301
488
736
889
924
219
127
217
550
125
951
551
348
260
877
532
723
499
472
725
907
644
9
60
197
654
549
638
706
836
277
728
732
504
329
241
972
962
802
149
546
181
254
718
559
302
28
456
216
468
502
623
845
712
594
830
771
508
539
406
19
896
936
187
964
815
467
497
416
888
300
89
878
852
208
387
3
576
229
761
479
50
367
913
320
746
729
812
629
887
201
92
688
404
370
159
381
942
166
296
867
328
393
225
950
994
281
90
313
485
921
11
604
663
251
596
139
799
167
963
148
411
360
616
755
648
292
433
41
605
677
435
21
203
627
202
855
25
555
954
35
358
233
739
349
777
541
880
922
679
265
98
347
792
986
530
500
429
757
106
507
430
462
707
305
923
111
554
641
992
389
613
704
279
178
614
570
743
73
820
864
352
361
650
970
584
189
391
284
597
844
120
533
900
232
831
245
255
671
944
311
610
442
29
39
786
708
886
283
261
400
821
998
142
362
440
926
754
421
439
267
460
875
935
483
839
63
140
62
213
870
687
669
865
804
299
278
565
240
925
987
369
193
309
274
682
396
811
45
719
640
652
850
591
863
693
656
319
978
514
560
177
446
7
174
212
851
849
100
24
727
724
222
999 0
377
346
536
776
303
593
473
787
933
378
997
1
298
209
519
827
75
239
819
658
667
733
672
184
908
186
785
121
136
312
520
823
425
342
702
332
975
315
931
611
540
791
77
713
742
790
690
486
778
356
826
380
809
412
453
869
489
491
893
574
680
692
874
917
807
822
842
895
983
74
107
110
112
132
164
170
176
205
230
235
258
293
316
323
325
326
334
340
351
354
357
374
379
397
431
441
515
531
538
556
575
592
621
647
655
678
730
738
741
747
764
767
772
829
843
848
854
914
938
955
966
976
14
16
17
33
42
43
135
141
192
194
210
220
268
276
282
308
317
333
420
448
477
493
505
506
569
602
626
639
642
649
691
694
734
748
766
780
784
859
948
959
971
989
646
722
56
661 337
714 262
782 204
991 10
982 27
744 243
800 182
885 115
521 475
544 454
795 188
866 130
841 150
911 91
847 144
726 252
543 452
995 8
524 470
513 478
984 20
934 67
988 15
573 422
511 484
619 382
703 270
958 51
892 105
835 153
579 417
912 88
929 72
840 147
891 108
947 58
622 375
586 408
735 248
818 162
856 138
814 165
563 434
697 289
657 341
753 231
901 99
581 415
630 368
612 388
825 160
894 104
937 68
977 32
833 155
758 236
583 409
585 413
832 157
846 146
620 376
603 394
684 304
668 327
993 6
873 124
810 169
813 171
624 372
858 134
762 224
670 324
553 443
965 46
608 386
615 385
617 384
675 318
625 373
525 469
957 52
796 190
662 336
607 392
651 344
760 226
587 407
862 133
643 345
517 482
838 151
834 156
817 168
797 185
960 47
562 437
717 256
590 401
637 350
968 40
659 339
512 481
967 44
721 250
731 249
956 53
808 172
920 80
789 198
701 271
582 410
872 126
537 459
711 263
990 12
861 131
534 461
522 474
857 137
528 465
501 492
979 31
898 101
674 321
928 76
740 244
632 365
769 218
636 353
580 414
558 438
589 405
598 402
628 371
980 30
897 102
535 458
876 123
806 173
681 307
572 424
716 257
824 161
805 175
503 490
759 227
715 259
665 331
571 426
837 152
547 447
498 494
548 444
695 290
884 114
666 330
930 71
918 84
751 237
879 118
945 61
943 64
941 65
660 338
915 85
685 297
909 94
710 264
903 96
868 129
881 119
793 195
910 93
981 26
609 390
496 495
599 399
545 449
542 455
566 432
770 215
816 163
698 285
953 55
676 310
961 49
686 295
737 246
919 82
705 266
653 343
527 466
749 242
927 79
564 428
932 69
783 200
974 36
916 86
763 223
720 253
634 359
801 180
985 18
973 37
709 269
996 2
635 355
798 183
618 383
523 471
595 403
529 464
794 191
664 335
882 117
949 57
853 143
510 487
871 128
601 395
788 199
568 427
946 59
752 234
700 273
518 476
699 280
578 418
765 221
781 206
774 207
689 291
883 116
631 366
577 419
552 445
952 54
696 288
904 95
828 158
773 214
940 66
902 97
750 238
633 363
683 306
673 322
600 398
