3958
0 0 3 2
0 3 2 6
4 0 5 5
6 0 9 2
6 3 8 6
10 0 11 5
3 6 5 9
0 7 1 12
2 10 5 12
0 13 5 14
6 7 8 10
9 6 11 9
6 13 11 14
12 0 17 1
12 2 14 5
15 2 17 5
18 0 21 2
18 3 20 6
22 0 24 3
21 4 24 6
12 6 14 9
15 6 17 9
9 10 12 12
15 10 17 13
18 7 20 10
21 7 24 9
18 11 23 12
18 13 23 14
0 15 2 18
3 15 5 18
0 19 2 22
3 19 5 22
6 15 8 18
9 15 11 18
6 19 8 22
9 19 11 22
0 23 2 26
3 23 5 26
0 27 2 30
3 27 5 30
6 23 8 26
9 23 11 26
6 27 8 30
9 27 11 30
13 10 14 15
15 14 17 17
12 16 14 19
12 20 15 22
18 15 20 18
21 15 24 17
18 19 20 22
21 18 24 20
12 23 14 26
16 18 17 23
12 27 14 30
15 24 17 27
18 23 20 26
21 21 24 23
21 24 24 26
15 28 18 30
19 27 24 28
25 0 30 1
25 2 27 5
28 2 30 5
31 0 34 2
31 3 34 5
35 0 36 5
25 6 36 6
25 7 27 10
24 11 27 13
28 8 30 11
31 7 33 10
34 7 36 10
28 12 33 13
24 14 35 14
37 0 40 2
37 3 39 6
41 0 42 5
43 0 48 1
43 2 45 5
46 2 49 4
37 7 39 10
40 7 42 10
34 11 37 13
43 7 45 10
46 7 49 9
38 11 43 12
39 13 44 14
46 10 49 12
25 15 27 18
28 15 30 18
25 19 28 21
31 15 33 18
34 15 36 18
30 19 33 21
34 19 36 22
25 22 27 25
28 22 30 25
20 29 25 30
25 26 28 28
31 22 33 25
34 23 36 26
31 26 33 29
34 27 36 30
39 15 41 18
37 14 38 19
37 20 40 22
42 15 44 18
41 19 46 20
41 21 46 22
47 17 48 22
37 23 39 26
40 23 42 26
37 27 39 30
40 27 42 30
43 23 45 26
46 23 48 26
43 27 45 30
49 17 49 28
46 27 48 30
0 31 3 33
0 34 2 37
4 31 5 36
6 31 9 33
6 34 8 37
10 31 11 36
0 38 2 41
3 37 5 40
0 42 2 45
3 41 5 44
6 38 8 41
9 37 11 40
6 42 8 45
9 41 11 44
12 31 15 33
12 34 14 37
16 31 17 36
18 31 21 33
18 34 20 37
22 31 23 36
12 38 14 41
12 42 14 45
16 38 17 43
15 34 15 45
21 37 24 39
18 40 23 41
18 42 20 45
21 42 24 44
0 46 2 49
3 45 5 48
0 50 2 53
9 45 11 47
6 48 11 49
5 50 7 53
8 50 11 52
0 54 2 57
3 49 4 54
0 58 2 61
3 55 5 58
6 54 8 57
9 53 11 56
3 59 6 61
12 46 14 49
16 44 17 49
12 50 14 53
15 50 17 53
18 46 20 49
18 50 20 53
21 45 22 50
12 54 14 57
15 54 17 57
7 58 12 59
7 60 12 61
21 51 22 56
24 45 24 56
23 46 23 57
13 58 18 59
19 54 20 59
13 60 18 61
29 26 30 31
26 29 27 34
24 31 25 36
28 32 30 35
31 30 33 33
26 36 31 37
34 31 36 34
32 35 35 37
25 38 30 39
24 40 29 41
25 42 30 43
25 44 30 45
31 38 33 41
34 38 36 41
31 42 33 45
34 42 36 45
37 31 40 33
36 35 39 37
41 31 42 36
43 31 48 32
43 33 45 36
46 33 49 35
37 38 39 41
37 42 39 45
40 42 42 45
40 38 45 39
41 40 46 41
43 42 45 45
47 40 49 43
25 46 27 49
28 46 30 49
25 50 27 53
28 50 30 53
31 46 33 49
34 46 36 49
31 50 36 51
25 54 27 57
28 54 30 57
23 58 28 59
23 60 28 61
31 52 33 55
34 52 36 55
31 56 36 57
29 58 34 59
29 60 34 61
37 46 42 47
37 48 42 49
37 50 39 53
40 50 42 53
43 46 45 49
46 44 48 47
43 50 45 53
46 48 49 50
46 51 49 53
37 54 39 57
40 54 42 57
35 58 40 59
35 60 40 61
43 54 45 57
46 54 48 57
41 58 43 61
44 58 46 61
47 58 49 61
49 0 54 1
50 2 52 5
40 6 51 6
53 2 55 5
56 0 59 2
56 3 58 6
60 0 61 5
50 7 52 10
53 6 55 9
45 13 50 14
51 11 53 14
56 7 58 10
56 11 58 14
60 6 61 11
59 3 59 14
62 0 65 2
66 0 67 5
68 0 73 1
68 2 70 5
71 2 74 4
62 3 63 8
64 6 67 8
62 9 67 10
60 12 63 14
64 11 66 14
68 6 70 9
71 5 74 7
71 8 74 10
67 11 68 14
71 11 74 13
45 15 50 16
54 10 55 15
51 15 53 18
50 19 52 22
53 19 55 22
56 15 58 18
59 15 61 18
56 19 61 20
56 21 61 22
50 23 52 26
53 23 55 26
50 27 52 30
53 27 55 30
56 23 61 24
56 25 61 26
62 15 64 18
62 19 64 22
66 15 67 20
69 10 70 15
71 14 74 16
68 17 73 18
68 19 73 20
62 23 67 24
58 27 63 28
64 25 67 27
56 29 67 29
68 21 70 24
71 21 74 23
68 25 73 26
59 30 70 30
74 0 79 1
75 2 77 5
78 2 80 5
81 0 84 2
81 3 83 6
85 0 86 5
75 6 77 9
78 6 80 9
75 10 77 13
81 7 83 10
84 6 86 9
79 11 82 13
84 10 86 13
75 14 86 14
87 0 92 1
87 2 89 5
90 2 92 5
93 0 96 2
93 3 98 4
93 5 98 6
87 6 89 9
90 6 92 9
87 10 89 13
93 7 95 10
90 11 95 12
96 8 98 11
99 0 99 11
91 13 96 14
75 15 77 18
78 15 80 18
75 19 77 22
78 19 80 22
81 15 83 18
84 15 86 18
81 19 83 22
84 19 86 22
74 24 77 26
78 23 80 26
64 28 75 28
76 27 78 30
81 23 83 26
84 23 86 26
79 27 81 30
87 14 90 16
87 18 89 21
91 15 92 20
93 15 95 18
97 12 99 15
96 16 99 18
93 19 95 22
97 19 99 22
87 22 89 25
90 21 92 24
82 27 87 28
82 29 87 30
90 25 92 28
93 23 95 26
96 23 98 26
90 29 95 30
93 27 98 28
50 31 53 33
40 37 51 37
50 34 53 36
54 31 55 36
56 30 58 33
56 34 58 37
59 31 61 34
46 38 51 39
52 37 55 39
50 40 55 41
50 42 52 45
53 42 55 45
56 38 58 41
59 35 61 38
56 42 58 45
59 39 61 42
62 31 65 33
62 34 64 37
66 31 67 36
68 31 71 33
68 34 70 37
73 29 74 34
71 35 74 37
62 38 64 41
65 37 67 40
59 43 62 45
68 38 73 39
68 40 73 41
63 42 68 43
63 44 68 45
69 42 71 45
49 46 54 47
50 48 55 49
50 50 52 53
53 50 55 53
56 46 58 49
59 46 61 49
56 50 58 53
59 50 61 53
49 54 52 56
53 54 55 57
50 57 52 60
53 58 55 61
56 54 58 57
59 54 61 57
56 58 58 61
59 58 61 61
62 46 64 49
65 46 67 49
62 50 64 53
65 50 67 53
68 46 70 49
72 42 73 47
74 38 74 49
68 50 70 53
71 48 73 51
62 54 67 55
62 56 67 57
62 58 64 61
65 58 67 61
68 54 70 57
71 52 73 55
68 58 70 61
71 56 73 59
74 50 74 61
75 31 78 33
75 34 77 37
79 31 80 36
81 31 82 36
83 32 85 35
75 38 80 39
75 40 80 41
75 42 77 45
78 42 80 45
81 38 83 41
84 38 86 41
81 42 86 43
88 26 89 31
86 31 87 36
78 37 89 37
90 31 92 34
96 29 99 31
93 32 98 33
90 35 93 37
94 34 99 35
94 36 99 37
87 38 90 40
87 41 89 44
91 38 92 43
93 38 95 41
97 38 99 41
93 42 95 45
96 42 99 44
75 46 77 49
78 46 80 49
75 50 77 53
78 50 80 53
81 44 83 47
84 44 86 47
81 48 86 49
81 50 83 53
84 50 86 53
75 54 77 57
78 54 80 57
75 58 77 61
78 58 80 61
81 54 83 57
84 54 86 57
81 58 83 61
87 45 89 48
90 44 92 47
87 49 89 52
90 48 92 51
93 46 95 49
96 45 99 47
93 50 95 53
96 48 99 50
96 51 99 53
90 52 92 55
88 53 89 58
84 58 87 60
90 56 92 59
93 54 95 57
96 54 98 57
88 60 93 61
93 58 98 59
94 60 99 61
0 62 3 64
0 65 2 68
4 62 5 67
6 62 9 64
6 65 8 68
10 62 11 67
0 69 3 71
0 72 2 75
4 68 5 73
6 69 8 72
9 68 11 71
3 74 6 76
7 73 9 76
12 62 15 64
12 65 14 68
16 62 17 67
21 57 22 62
18 63 23 64
18 65 20 68
21 65 23 68
15 68 17 71
13 69 14 74
10 72 12 75
15 72 17 75
18 69 23 70
18 71 23 72
24 62 24 73
18 73 23 74
10 76 21 76
0 76 2 79
0 80 2 83
3 77 4 82
6 77 8 80
9 77 11 80
6 81 8 84
0 84 2 87
5 77 5 88
0 89 2 92
3 84 4 89
6 85 8 88
9 81 10 86
3 90 6 92
7 89 9 92
11 81 11 92
12 77 14 80
15 78 17 81
12 82 17 83
18 77 20 80
22 75 24 78
18 81 20 84
21 79 23 82
12 84 14 87
15 85 17 88
12 88 14 91
15 89 17 92
18 85 20 88
21 83 22 88
18 89 20 92
24 79 24 90
25 62 28 64
25 65 27 68
29 62 30 67
31 62 34 64
31 65 33 68
35 62 36 67
25 69 27 72
28 68 30 71
25 73 27 76
28 72 30 75
31 69 33 72
31 73 33 76
37 62 42 63
37 64 39 67
40 64 42 67
43 62 46 64
34 68 45 68
47 62 49 65
43 65 46 67
34 69 39 70
34 71 39 72
40 69 42 72
34 73 39 74
35 75 40 76
43 69 45 72
47 66 49 69
41 73 43 76
46 70 48 73
46 74 49 76
25 77 27 80
28 76 30 79
25 81 27 84
31 77 33 80
34 77 36 80
31 81 33 84
34 81 36 84
29 80 30 85
25 85 28 87
25 89 27 92
28 88 30 91
31 85 33 88
34 85 36 88
31 89 33 92
34 89 36 92
37 77 39 80
40 77 42 80
37 81 39 84
40 81 42 84
44 73 45 78
43 79 48 80
43 81 48 82
43 83 48 84
37 85 39 88
40 85 42 88
37 89 39 92
40 89 42 92
43 85 45 88
46 85 48 88
49 77 49 88
43 89 45 92
46 89 49 91
0 93 2 96
3 93 5 96
0 97 2 100
3 97 5 100
6 93 8 96
6 97 8 100
10 87 10 98
0 101 5 102
0 103 2 106
3 105 5 108
6 101 8 104
11 95 11 106
7 105 9 108
12 92 14 95
15 93 17 96
14 97 17 99
21 89 22 94
23 83 23 94
19 95 24 96
18 97 20 100
21 97 24 99
12 96 13 101
14 100 17 102
12 103 14 106
15 103 17 106
11 107 16 108
18 101 20 104
21 100 24 102
18 105 20 108
21 103 24 105
21 106 24 108
0 107 2 110
0 111 5 112
0 113 2 116
3 113 5 116
3 109 8 110
10 99 10 110
6 111 8 114
9 111 11 114
6 115 11 116
0 117 2 120
3 117 5 120
0 121 2 124
3 121 5 124
6 117 8 120
9 117 11 120
6 121 8 124
9 121 11 124
12 109 14 112
15 109 17 112
12 113 14 116
15 113 17 116
18 109 20 112
21 109 23 112
18 113 20 116
21 113 24 115
12 117 14 120
15 117 17 120
12 121 14 124
15 121 17 124
18 117 20 120
18 121 20 124
21 116 22 121
23 116 24 121
21 122 24 124
24 93 29 94
25 95 30 96
25 97 27 100
28 97 30 100
31 93 33 96
34 93 36 96
31 97 33 100
34 97 36 100
25 101 27 104
28 101 30 104
25 105 27 108
28 105 30 108
31 101 33 104
31 105 33 108
34 102 35 107
37 93 39 96
40 93 42 96
37 97 39 100
40 97 42 100
43 93 45 96
46 92 49 94
43 97 45 100
46 95 49 97
46 98 49 100
36 101 39 103
40 101 42 104
36 104 39 106
36 107 41 108
43 101 45 104
46 101 49 103
40 105 45 106
42 107 47 108
24 109 27 111
28 109 30 112
27 113 30 115
31 109 33 112
34 109 36 112
31 113 33 116
34 113 36 116
25 112 26 117
27 116 30 118
25 119 30 120
25 121 28 123
31 117 33 120
29 121 31 124
34 117 35 122
37 109 39 112
40 109 42 112
37 113 39 116
40 113 42 116
43 109 45 112
48 104 49 109
46 110 49 112
43 113 45 116
46 113 48 116
36 117 38 120
39 117 42 119
36 121 39 123
40 120 42 123
43 117 48 118
43 119 48 120
34 124 45 124
43 121 46 123
47 121 49 124
50 61 52 64
50 65 52 68
53 62 54 67
57 62 60 64
55 62 56 67
57 65 59 68
49 70 52 72
53 68 55 71
50 73 52 76
56 69 58 72
60 65 61 70
56 73 58 76
59 71 61 74
61 62 66 63
62 64 64 67
67 62 70 64
71 60 73 63
66 65 69 67
71 64 74 66
62 68 73 68
62 69 64 72
65 69 67 72
59 75 64 76
62 73 67 74
68 69 70 72
72 69 74 72
65 75 70 76
68 73 73 74
50 77 52 80
53 72 54 77
50 81 52 84
53 78 55 81
56 77 58 80
59 77 61 80
53 82 56 84
50 85 52 88
53 85 55 88
50 89 52 92
53 89 55 92
56 85 58 88
59 85 61 88
56 89 58 92
59 89 61 92
62 77 64 80
65 77 67 80
57 81 62 82
57 83 62 84
63 81 66 83
68 77 70 80
71 75 74 77
67 81 70 83
71 78 72 83
73 78 74 83
63 84 74 84
62 85 64 88
65 85 67 88
62 89 64 92
65 89 67 92
68 85 70 88
71 85 73 88
68 89 73 90
68 91 73 92
76 62 79 64
75 65 77 68
78 65 80 68
80 62 83 64
84 61 86 64
81 65 83 68
84 65 86 68
75 69 77 72
74 73 79 74
81 69 83 72
84 69 86 72
81 73 83 76
84 73 86 76
87 62 90 64
87 65 90 67
91 62 92 67
93 62 96 64
93 65 95 68
98 62 99 67
87 69 89 72
90 68 92 71
87 73 89 76
90 72 92 75
93 69 95 72
93 73 95 76
97 62 97 73
98 68 99 73
75 75 77 78
75 79 79 80
80 69 80 80
75 81 80 82
75 83 80 84
81 77 83 80
84 77 86 80
81 81 86 82
81 83 86 84
75 85 80 86
75 88 77 91
78 88 80 91
81 85 83 88
84 85 86 88
81 89 86 90
75 92 86 92
87 77 89 80
90 76 92 79
87 81 89 84
90 80 92 83
93 77 95 80
96 67 96 78
97 74 99 77
93 81 95 84
96 79 99 81
96 82 99 84
87 85 89 88
90 84 92 87
87 89 92 90
81 91 92 91
93 85 95 88
96 85 98 88
93 89 95 92
96 89 98 92
50 93 55 94
50 95 55 96
50 97 52 100
53 97 55 100
56 93 58 96
59 93 61 96
56 97 58 100
59 97 61 100
52 101 55 103
50 104 52 107
53 104 55 107
56 101 58 104
59 101 61 104
56 105 59 107
50 108 61 108
62 93 64 96
65 93 67 96
62 97 64 100
65 97 67 100
68 93 70 96
71 93 73 96
74 85 74 96
68 97 73 98
68 99 73 100
62 101 64 104
65 101 67 104
60 105 65 106
62 107 67 108
68 101 70 104
71 101 74 103
66 105 71 106
72 104 74 107
50 109 52 112
53 109 55 112
49 113 52 115
59 109 61 112
56 109 57 114
49 116 60 116
49 117 52 119
53 117 55 120
50 120 52 123
56 117 58 120
54 121 56 124
59 118 61 121
57 122 60 124
62 109 65 111
58 113 63 114
53 115 64 115
66 109 67 114
68 107 70 110
68 111 73 112
68 113 70 116
71 113 74 115
62 116 64 119
65 115 67 118
61 122 64 124
62 120 67 121
68 117 70 120
71 116 74 118
65 122 68 124
69 121 74 122
69 123 74 124
75 93 77 96
78 93 80 96
74 97 77 99
78 97 80 100
81 93 83 96
81 97 83 100
85 93 86 98
75 100 77 103
78 101 80 104
75 104 77 107
78 105 80 108
81 101 83 104
84 99 86 102
81 105 83 108
84 103 86 106
87 92 89 95
90 92 92 95
87 96 89 99
90 96 92 99
93 93 98 94
93 95 98 96
99 85 99 96
93 97 95 100
96 97 98 100
87 100 88 105
90 100 91 105
87 106 90 108
92 102 95 104
96 101 99 103
92 105 95 107
96 104 99 106
72 108 77 109
74 111 79 112
75 113 77 116
78 113 80 116
78 109 83 110
84 107 86 110
80 111 85 112
81 113 83 116
84 113 86 116
76 117 78 120
75 121 77 124
79 117 81 120
83 117 86 119
79 121 81 124
84 120 86 123
87 109 89 112
91 108 92 113
87 114 92 115
93 108 95 111
96 107 99 109
96 110 99 112
93 112 95 115
87 116 98 116
87 117 89 120
90 117 92 120
87 121 89 124
90 121 92 124
93 117 95 120
96 117 98 120
93 121 95 124
99 113 99 124
100 0 103 2
100 3 102 6
104 0 107 2
108 0 111 2
103 3 108 4
103 5 108 6
109 3 111 6
100 7 105 8
100 9 105 10
100 11 102 14
103 11 105 14
106 7 111 8
106 9 111 10
106 11 108 14
109 11 111 14
112 0 115 2
112 3 114 6
116 0 117 5
118 0 121 2
118 3 120 6
121 3 123 6
112 7 114 10
112 11 114 14
116 7 117 12
115 3 115 14
118 7 120 10
121 8 123 11
124 0 124 11
118 12 123 13
100 15 102 18
100 19 102 22
104 15 105 20
106 15 108 18
109 15 111 18
106 19 111 20
104 21 109 22
99 23 102 25
103 15 103 26
99 26 102 28
104 23 105 28
100 29 105 30
106 23 108 26
110 21 111 26
106 27 108 30
112 15 114 18
116 13 117 18
112 19 114 22
118 14 120 17
121 14 124 16
116 19 121 20
122 17 124 20
116 21 121 22
112 23 114 26
115 15 115 26
110 27 115 28
116 23 117 28
111 29 116 30
118 23 120 26
121 24 124 26
118 27 120 30
121 27 124 29
125 0 128 2
125 3 127 6
129 0 130 5
131 0 134 2
131 3 133 6
135 0 136 5
125 7 127 10
125 11 127 14
129 6 130 11
128 3 128 14
131 7 133 10
134 6 136 9
131 11 133 14
134 10 136 13
137 0 142 1
137 2 139 5
140 2 142 5
143 0 148 1
143 2 145 5
146 2 149 4
137 6 148 6
137 7 139 10
140 7 142 10
137 11 139 14
140 11 142 14
143 7 145 10
143 11 145 14
147 8 149 11
146 12 149 14
125 15 130 16
125 17 127 20
128 17 130 20
131 15 133 18
134 14 136 17
122 21 133 21
131 19 136 20
124 22 135 22
125 23 127 26
125 27 127 30
128 23 129 28
130 23 132 26
133 23 136 25
128 29 133 30
130 27 135 28
137 15 139 18
140 15 142 18
137 19 139 22
140 19 142 22
143 15 145 18
146 15 149 17
143 19 145 22
146 18 149 20
137 23 139 26
140 23 142 26
136 27 139 29
140 27 142 30
143 23 145 26
146 21 149 23
146 24 149 26
143 27 145 30
146 27 149 29
100 31 103 33
100 34 102 37
104 31 105 36
106 31 107 36
109 23 109 34
110 31 111 36
100 38 102 41
103 38 105 41
100 42 105 43
100 44 105 45
106 38 108 41
109 38 111 41
106 42 108 45
109 42 111 45
112 31 115 33
103 37 114 37
112 34 117 35
116 31 119 33
121 30 124 32
118 34 120 37
122 33 124 36
112 38 114 41
115 36 117 39
112 42 114 45
115 40 117 43
118 38 120 41
121 37 124 39
115 44 120 45
118 42 123 43
100 46 102 49
103 46 105 49
100 50 102 53
103 50 105 53
106 46 108 49
109 46 111 49
106 50 108 53
109 50 111 53
99 54 101 57
102 54 105 56
99 58 104 59
100 60 105 61
106 54 108 57
105 58 110 59
106 60 111 61
112 46 117 47
112 48 117 49
112 50 114 53
115 50 117 53
121 44 124 46
119 47 124 48
118 49 120 52
121 49 124 51
109 54 114 55
111 57 114 59
112 60 115 61
115 54 120 55
109 56 120 56
121 52 124 54
121 55 124 57
118 57 120 60
121 58 124 60
125 31 128 33
125 34 127 37
129 31 130 36
131 31 134 33
131 34 133 37
135 30 136 35
125 38 127 41
125 42 127 45
128 37 129 42
130 38 133 40
130 41 133 43
134 34 134 45
135 39 136 44
137 31 142 32
137 34 139 37
140 33 142 36
143 31 146 33
147 30 149 33
143 34 145 37
146 34 149 36
137 38 139 41
140 37 142 40
137 42 139 45
140 41 142 44
143 38 145 41
143 42 145 45
146 37 147 42
146 43 149 45
125 46 127 49
129 44 130 49
125 50 127 53
128 50 130 53
131 44 133 47
134 46 136 49
131 48 133 51
131 52 136 53
125 54 127 57
128 54 130 57
125 58 127 61
128 58 130 61
131 54 133 57
134 54 136 57
131 58 133 61
134 58 136 61
137 46 139 49
140 45 142 48
137 50 139 53
143 46 148 47
143 48 148 49
143 50 145 53
146 50 149 52
137 54 139 57
141 49 142 54
137 58 139 61
140 55 142 58
143 54 145 57
146 53 149 55
140 59 143 61
146 56 149 58
146 59 149 61
150 0 153 2
150 3 152 6
153 3 155 6
154 0 157 2
158 1 160 4
156 5 161 6
150 7 152 10
153 7 155 10
150 11 152 14
153 11 155 14
156 7 158 10
159 7 161 10
156 11 158 14
159 11 161 14
161 0 164 2
162 3 164 6
165 0 167 3
168 0 171 2
165 4 168 6
172 0 174 3
169 3 171 6
162 7 164 10
165 7 167 10
162 11 164 14
168 7 170 10
172 4 174 7
171 8 174 10
165 11 170 12
165 13 170 14
171 11 174 13
150 15 152 18
153 15 155 18
150 19 152 22
157 15 160 17
156 18 158 21
159 18 161 21
150 23 152 26
153 23 155 26
150 27 152 30
153 27 155 30
156 23 158 26
159 23 161 26
156 27 158 30
159 27 161 30
161 15 164 17
165 15 167 18
162 18 164 21
153 22 164 22
165 19 167 22
168 15 170 18
171 14 174 16
168 19 170 22
171 17 173 20
162 23 164 26
165 23 167 26
162 27 164 30
165 27 167 30
168 23 170 26
171 21 173 24
168 27 170 30
171 25 173 28
174 17 174 28
175 0 180 1
175 2 177 5
178 2 180 5
181 0 184 2
181 3 184 5
185 0 186 5
175 6 186 6
175 7 177 10
178 7 180 10
175 11 177 14
178 11 180 14
181 7 183 10
184 7 186 10
181 11 183 14
184 11 186 14
187 0 192 1
189 2 191 5
193 0 198 1
192 2 195 4
196 2 199 4
187 6 198 6
187 7 192 8
187 9 192 10
187 11 189 14
190 11 192 14
193 7 195 10
196 7 199 9
193 11 195 14
196 10 199 12
175 15 177 18
178 15 180 18
175 19 177 22
178 19 180 22
181 15 183 18
184 15 185 20
175 23 177 26
178 23 180 26
171 29 176 30
175 27 180 28
182 19 183 24
184 21 186 24
181 25 186 26
177 29 182 30
181 27 186 28
186 15 188 18
189 15 192 17
186 19 191 20
187 21 192 22
193 15 195 18
196 13 199 15
192 19 197 20
193 21 198 22
187 23 189 26
190 23 192 26
187 27 189 30
190 27 192 30
193 23 195 26
196 23 198 26
193 27 195 30
199 16 199 27
196 27 198 30
150 31 153 33
150 34 155 35
150 36 155 37
154 31 159 32
156 34 158 37
159 34 161 37
148 38 151 40
152 38 155 40
148 41 153 42
150 43 153 45
156 38 158 41
159 38 161 41
156 42 158 45
159 42 161 45
160 31 165 32
154 33 165 33
162 34 164 37
166 31 167 36
168 31 173 32
168 33 170 36
171 33 174 35
162 38 164 41
165 37 167 40
165 41 167 44
168 37 170 40
171 36 174 38
171 39 174 41
168 41 170 44
171 42 174 44
162 45 173 45
149 46 152 48
154 41 155 46
150 49 152 52
153 47 155 50
156 46 158 49
159 46 161 49
153 51 156 53
150 53 152 56
153 54 155 57
150 57 152 60
153 58 155 61
156 54 158 57
159 54 161 57
156 58 158 61
159 58 161 61
162 46 164 49
157 50 162 51
157 52 162 53
166 46 167 51
168 46 170 49
171 46 174 48
163 52 168 53
171 49 174 51
162 54 164 57
165 54 167 57
162 58 164 61
165 58 167 61
169 50 170 55
171 52 174 54
168 56 173 57
168 58 170 61
171 58 174 60
174 31 179 32
175 33 177 36
178 33 180 36
184 29 186 32
181 31 183 34
184 33 186 36
175 37 177 40
178 37 180 40
175 41 177 44
178 41 180 44
181 35 183 38
184 37 186 40
181 39 183 42
181 43 186 44
187 31 190 33
187 34 189 37
191 31 192 36
193 31 196 33
193 34 195 37
197 31 199 34
196 35 199 37
187 38 189 41
187 42 189 44
177 45 188 45
190 37 191 42
192 38 194 41
195 38 197 41
190 43 193 45
198 38 199 43
194 42 197 44
175 46 177 49
178 46 180 49
175 50 177 53
178 50 180 53
181 46 186 47
181 50 183 53
184 48 186 51
175 54 177 57
178 54 180 57
175 58 177 61
178 58 180 61
181 54 183 57
184 52 186 55
181 58 183 61
184 56 186 59
187 46 189 49
190 46 192 49
187 50 189 53
190 50 192 53
193 46 195 49
196 45 199 47
193 50 195 53
196 48 199 50
187 54 189 57
190 54 192 57
187 58 189 61
190 58 192 61
193 54 195 57
196 51 197 56
198 51 199 56
193 58 195 61
196 57 199 59
100 62 103 64
100 65 102 68
104 63 105 68
106 62 109 64
106 66 109 68
110 62 111 67
100 69 105 70
100 72 102 75
103 71 105 74
106 69 108 72
106 73 108 76
110 68 111 73
116 57 117 62
112 62 115 64
112 65 114 68
116 63 117 68
118 61 120 64
121 61 123 64
119 65 124 66
118 67 123 68
112 69 114 72
110 74 113 76
116 69 117 74
115 65 115 76
118 69 123 70
118 71 123 72
118 73 120 76
121 73 124 75
100 77 102 80
103 75 105 78
100 81 102 84
103 79 105 82
106 77 108 80
109 69 109 80
103 83 108 84
106 81 111 82
100 85 102 88
103 85 105 88
100 89 102 92
103 89 105 92
106 85 108 88
110 83 111 88
106 89 108 92
110 77 112 80
113 77 115 80
116 75 117 80
112 81 114 84
115 81 117 84
118 77 120 80
121 76 124 78
118 81 120 84
121 79 123 82
112 85 114 88
115 85 117 88
111 89 114 91
115 89 117 92
118 85 120 88
121 83 124 85
121 86 124 88
118 89 120 92
121 89 123 92
124 62 127 64
125 65 127 68
128 62 130 65
131 62 134 64
131 65 133 68
135 62 136 67
124 69 127 71
128 66 130 69
125 72 127 75
128 70 130 73
131 69 133 72
128 74 131 76
135 68 136 73
134 65 134 76
137 62 140 64
137 65 139 68
141 62 142 67
144 58 145 63
146 62 149 64
143 64 145 67
146 65 149 67
137 69 139 72
140 69 142 72
135 74 138 76
139 73 142 75
143 69 145 72
146 69 148 72
143 73 145 76
146 73 148 76
128 77 130 80
126 76 127 81
128 81 130 84
132 73 133 78
131 79 136 80
131 83 136 84
125 76 125 87
126 82 127 87
128 85 130 88
125 88 127 91
128 89 130 92
131 85 133 88
134 85 136 88
131 89 133 92
134 89 136 92
134 77 139 78
140 76 142 79
137 79 139 82
140 80 142 82
137 83 142 84
143 77 145 80
146 77 148 80
149 69 149 80
143 81 145 84
146 81 149 83
137 85 139 88
140 85 142 88
137 89 139 92
140 89 142 92
143 85 145 88
146 84 149 86
143 89 145 92
146 87 148 90
100 93 102 96
103 93 105 96
99 97 102 99
103 97 105 100
106 93 108 96
109 83 109 94
106 97 108 100
110 89 110 100
100 100 102 103
103 101 105 104
100 104 102 107
103 105 105 108
106 101 110 102
111 92 111 103
106 103 108 106
109 105 111 108
112 92 114 95
115 93 117 96
112 96 114 99
115 97 117 100
118 93 120 96
121 93 124 95
118 97 120 100
121 96 124 98
112 100 114 103
115 101 117 104
112 104 114 107
115 105 117 108
118 101 120 104
121 99 123 102
118 105 120 108
121 103 124 105
100 108 102 111
103 109 105 112
100 112 102 115
103 113 105 116
106 107 108 110
109 109 111 112
106 111 108 114
109 113 111 116
100 116 102 119
100 120 102 123
103 117 104 122
106 115 108 118
105 119 110 120
105 121 107 124
108 121 111 123
112 109 115 111
112 112 114 115
116 109 117 114
118 109 120 112
121 106 122 111
123 106 124 111
115 115 120 116
118 113 123 114
109 117 114 118
111 119 116 120
112 121 114 124
115 121 117 124
115 117 120 118
121 115 123 118
117 119 122 120
118 121 120 124
124 112 124 123
121 121 123 124
125 92 127 95
128 93 130 96
125 97 130 98
124 99 129 100
131 93 133 96
134 93 136 96
131 97 136 98
130 99 135 100
124 101 129 102
125 103 130 104
125 105 127 108
128 105 130 108
131 101 133 104
134 101 136 104
131 105 133 108
134 105 136 108
137 93 139 96
140 93 142 96
136 99 141 100
143 93 145 96
146 91 149 93
146 94 149 96
139 97 144 98
145 97 147 100
137 101 139 104
137 105 139 108
141 101 142 106
143 101 145 104
148 97 149 102
143 105 145 108
146 103 149 105
146 106 149 108
125 109 130 110
125 111 130 112
125 113 130 114
125 115 130 116
131 109 133 112
134 109 135 114
125 117 127 120
128 117 130 120
125 121 130 122
125 123 130 124
132 115 133 120
134 115 136 118
131 121 133 124
134 119 136 122
136 110 139 112
140 101 140 112
141 107 142 112
137 113 139 116
140 113 142 116
143 109 145 112
146 109 148 112
143 113 145 116
137 117 139 120
140 117 142 120
137 121 139 124
140 121 142 124
146 113 147 118
143 119 148 120
149 109 149 120
143 121 145 124
146 121 149 123
150 61 152 64
150 65 152 67
140 68 151 68
153 62 155 65
156 62 161 63
156 64 158 67
159 64 161 67
150 69 152 72
153 66 155 69
150 73 152 76
153 70 155 73
156 68 158 71
153 74 158 75
160 68 161 73
162 62 165 64
162 65 164 68
166 63 167 68
168 63 173 64
168 65 170 68
171 65 174 67
162 69 164 72
165 69 167 72
153 76 164 76
162 73 165 75
168 69 170 72
171 68 174 70
166 73 171 74
166 75 171 76
173 71 174 76
150 78 153 80
150 81 152 84
154 77 155 82
156 77 158 80
159 77 161 80
156 81 158 84
150 85 155 86
149 87 154 88
149 89 154 90
150 91 155 92
156 85 158 88
159 81 160 86
159 87 161 90
162 77 164 80
165 77 167 80
161 81 163 84
164 81 167 83
168 77 170 80
168 81 170 84
172 71 172 82
173 77 174 82
161 85 166 86
162 87 167 88
158 91 163 92
164 89 166 92
172 83 174 86
171 77 171 88
168 87 170 90
172 87 174 90
167 91 172 92
166 62 177 62
174 63 179 64
175 65 177 68
178 65 180 68
181 62 184 64
181 65 183 68
185 60 186 65
175 69 177 72
178 69 180 72
175 73 177 76
178 73 180 76
184 66 186 69
181 70 184 72
181 73 186 74
181 75 186 76
187 62 190 64
187 65 189 68
191 62 192 67
196 60 199 62
193 62 195 65
196 63 199 65
193 66 198 67
187 69 189 72
190 69 192 72
187 73 189 76
193 68 195 71
196 68 199 70
193 72 195 75
196 71 198 74
190 76 199 76
175 77 177 80
178 77 180 80
175 81 177 84
178 81 180 84
181 77 183 80
184 77 186 80
181 81 183 84
184 81 186 84
176 85 177 90
178 85 179 90
173 91 178 92
180 85 182 88
183 85 185 88
180 89 183 91
184 89 186 92
187 77 189 80
190 77 192 80
187 81 189 84
190 81 192 84
193 77 195 80
196 77 199 79
193 81 195 84
196 80 199 82
186 85 189 87
187 88 192 89
187 90 190 92
190 85 195 86
196 83 199 85
190 87 199 87
193 88 195 91
196 89 199 91
191 92 199 92
150 93 152 96
153 93 155 96
150 97 152 100
153 97 155 100
156 93 158 96
156 97 158 100
159 93 160 98
150 101 152 104
153 101 155 104
150 105 152 108
153 105 155 108
156 101 158 104
161 93 161 104
156 105 158 108
159 100 160 105
162 93 164 96
165 93 167 96
162 97 164 100
168 93 170 96
171 93 174 95
167 97 170 99
171 96 174 98
165 97 166 102
162 101 163 106
159 107 164 108
164 103 166 106
168 100 170 103
171 99 174 101
171 102 174 104
171 105 173 108
150 109 152 112
153 109 155 112
150 113 152 116
153 113 155 116
156 109 158 112
159 109 161 112
156 113 161 114
156 115 161 116
150 117 152 120
153 117 155 120
150 121 152 124
153 121 155 124
156 117 158 120
159 117 161 120
156 121 158 124
162 109 164 112
167 100 167 111
165 107 166 112
162 113 164 116
165 113 167 116
169 104 170 109
168 110 173 111
168 112 170 115
174 105 174 116
162 117 164 120
165 117 167 120
159 121 164 122
159 123 164 124
168 116 170 119
171 112 172 117
171 118 174 120
168 120 170 123
171 121 173 124
175 93 177 96
178 93 180 96
175 97 177 100
178 97 180 100
181 92 183 95
184 93 186 96
181 96 183 99
184 97 186 100
175 101 177 104
178 101 180 104
175 105 177 108
178 105 180 108
184 101 186 104
182 100 183 105
181 106 184 108
187 93 192 94
188 95 190 98
187 99 192 100
193 93 198 94
191 95 196 96
191 97 196 98
187 101 189 104
190 101 192 104
185 105 190 106
185 107 190 108
193 100 195 103
197 96 198 101
196 102 199 104
193 104 195 107
196 105 199 107
175 109 177 112
175 113 177 116
178 110 180 113
181 109 183 112
184 109 186 112
178 114 181 116
182 113 184 116
175 117 180 118
175 119 180 120
174 121 177 123
178 121 180 124
181 117 183 120
185 113 186 118
181 121 183 124
184 119 186 122
187 109 189 112
191 105 192 110
187 113 189 116
190 112 192 115
193 108 195 111
196 108 199 110
193 112 195 115
196 111 199 113
190 116 199 116
187 117 189 120
190 117 192 120
187 121 189 124
193 117 195 120
196 117 199 119
190 121 195 122
190 123 195 124
196 120 199 122
0 125 3 127
0 128 2 131
4 125 5 130
6 125 9 127
6 128 8 131
10 125 11 130
3 131 5 134
2 135 5 137
6 132 8 135
9 131 11 134
1 138 6 139
6 136 11 137
12 125 15 127
12 128 14 131
16 125 21 126
15 128 20 129
15 130 20 131
21 128 23 131
12 132 14 135
15 132 17 135
7 138 12 139
13 136 15 139
18 132 20 135
21 132 24 134
16 136 21 137
16 138 21 139
22 135 24 138
0 132 0 143
1 142 2 147
3 142 5 145
1 140 6 141
7 140 9 143
6 144 8 147
10 140 11 145
3 146 5 149
0 144 0 155
1 149 2 154
3 150 5 153
6 148 8 151
9 146 11 149
6 152 8 155
9 150 11 153
12 140 14 143
15 140 17 143
12 144 14 147
15 144 17 147
18 140 20 143
22 139 24 142
18 144 20 147
21 143 24 145
12 148 14 151
15 148 17 151
12 152 14 155
18 148 20 151
21 146 24 148
21 149 24 151
15 152 20 153
15 154 20 155
21 152 24 154
22 125 27 126
16 127 27 127
24 128 27 130
29 125 30 130
32 121 33 126
31 127 33 130
34 125 36 128
25 131 27 134
25 135 27 138
29 131 30 136
31 131 33 134
34 129 36 132
31 135 33 137
28 138 33 139
34 133 36 136
37 125 40 127
37 128 39 131
40 128 42 131
41 125 46 126
43 127 45 130
47 125 49 128
46 129 49 131
37 132 39 135
40 132 42 135
34 137 37 139
38 136 40 139
43 132 48 133
43 134 45 137
46 134 49 136
41 138 46 139
25 139 27 142
28 140 30 143
25 143 27 146
28 144 30 147
31 140 33 143
34 140 36 143
31 144 33 147
34 144 36 147
25 147 27 150
28 148 30 151
25 151 27 154
31 148 33 151
34 148 36 151
28 152 31 154
21 155 32 155
32 152 35 154
37 140 39 143
40 140 42 143
37 144 39 147
40 144 42 147
43 140 45 143
47 137 49 140
43 144 45 147
47 141 49 144
46 145 49 147
37 148 39 151
40 148 42 151
36 152 38 155
39 152 42 154
43 148 45 151
46 148 49 150
43 152 45 155
46 151 49 153
3 154 5 157
0 156 2 159
0 160 3 162
9 154 11 157
6 156 8 159
4 160 9 161
0 163 2 166
3 163 5 166
0 167 2 170
3 167 5 170
6 162 8 165
9 162 11 165
6 166 8 169
9 166 11 169
12 156 15 158
11 159 16 160
12 161 17 162
16 156 19 158
20 156 23 158
17 159 22 160
18 161 23 162
12 163 14 166
15 163 17 166
12 167 14 170
15 167 17 170
18 163 20 166
21 163 23 166
18 167 20 170
24 156 24 167
21 168 24 170
0 171 2 174
3 171 5 174
0 175 2 178
3 175 5 178
6 170 8 173
6 174 8 177
10 170 11 175
0 179 2 182
3 179 5 182
0 183 2 186
3 183 5 186
6 178 8 181
9 176 11 179
6 182 8 185
9 180 11 183
12 171 14 174
15 171 17 174
12 175 14 178
15 175 17 178
18 171 20 174
21 171 24 173
18 175 20 178
22 175 24 178
12 179 14 182
15 179 17 182
9 184 12 186
14 183 17 185
18 179 20 182
21 179 24 181
18 183 20 186
21 182 24 184
25 156 28 158
25 159 27 162
29 156 30 161
31 156 34 158
31 159 33 162
35 157 36 162
25 163 27 166
25 167 27 170
29 162 30 167
28 159 28 170
31 163 33 166
34 163 36 166
29 168 32 170
33 167 36 169
37 156 40 158
41 155 42 160
38 159 40 162
46 154 49 156
43 157 48 158
43 159 45 162
46 159 49 161
37 163 39 166
41 161 42 166
37 167 40 169
43 163 45 166
46 162 49 164
33 170 44 170
41 167 46 168
47 165 49 168
25 171 27 174
28 171 30 174
25 175 27 178
28 175 30 178
31 171 33 174
34 171 36 174
31 175 33 178
25 179 27 182
28 179 30 182
21 185 26 186
25 183 30 184
31 179 33 182
35 175 36 180
27 185 32 186
34 175 34 186
37 171 42 172
37 173 42 174
37 175 39 178
40 175 42 178
43 171 45 174
46 170 49 172
46 173 48 176
44 177 49 178
37 179 39 182
40 179 42 182
35 183 40 184
35 185 40 186
43 179 45 182
46 179 49 181
41 183 43 186
46 182 49 184
50 124 52 127
50 128 52 131
53 125 55 128
56 125 59 127
53 129 56 131
57 128 59 131
60 125 61 130
50 132 52 135
53 132 55 135
50 136 52 139
53 136 55 139
56 132 58 135
56 136 58 139
60 131 61 136
62 125 65 127
63 128 65 131
66 126 67 131
68 125 71 127
68 128 70 131
72 125 74 128
71 129 74 131
62 132 65 134
62 135 64 138
66 132 67 137
68 132 70 135
71 132 74 134
65 138 70 139
50 140 52 143
53 140 55 143
50 144 52 147
56 140 58 143
59 132 59 143
60 137 61 142
53 144 58 145
53 146 58 147
59 144 61 147
50 148 52 151
53 148 55 151
50 152 52 155
53 152 55 155
56 148 58 151
59 148 61 151
56 152 58 155
59 152 61 155
62 139 64 142
65 140 67 143
62 143 64 146
68 140 70 143
71 135 72 140
73 136 74 141
65 144 70 145
65 146 70 147
71 142 74 144
71 145 74 147
62 147 64 150
65 148 67 151
62 151 64 154
65 152 67 155
68 148 70 151
71 148 73 151
68 152 70 155
71 152 74 154
75 125 78 127
75 129 78 131
79 125 80 130
82 120 83 125
81 126 86 127
81 128 83 131
75 132 77 135
75 136 77 139
78 132 79 137
80 132 82 135
85 128 86 133
80 136 82 139
84 128 84 139
85 134 86 139
87 125 90 127
87 128 89 131
90 128 92 131
91 125 94 127
96 122 98 125
93 128 95 131
96 126 99 128
96 129 99 131
87 132 89 135
90 132 92 135
87 136 89 139
90 136 92 139
93 132 95 135
96 132 99 134
93 136 95 139
96 135 99 137
75 140 77 143
78 138 79 143
75 144 80 145
75 146 80 147
80 140 82 143
83 132 83 143
84 140 86 143
81 144 83 147
74 148 76 151
78 149 79 154
80 148 82 151
84 144 85 149
80 152 83 154
84 152 86 155
87 140 89 143
90 140 92 143
86 144 89 146
90 144 92 147
93 140 95 143
96 138 99 140
96 141 99 143
93 144 95 147
96 144 99 146
86 147 89 149
83 150 88 151
90 148 92 151
87 152 89 155
93 148 98 149
93 150 98 151
90 152 95 153
90 154 95 155
49 157 54 158
50 159 52 162
53 159 55 162
55 156 58 158
59 156 61 159
56 160 59 162
50 163 52 166
53 163 55 166
41 169 52 169
50 167 55 168
56 163 58 166
60 160 61 165
56 167 58 170
62 155 64 158
62 159 64 162
65 156 67 159
68 156 73 157
65 160 68 162
69 158 71 161
62 163 64 166
65 163 67 166
62 167 64 170
65 167 67 170
69 162 72 164
73 158 74 163
69 165 74 166
68 167 70 170
71 167 73 170
50 170 52 173
53 169 55 172
49 174 52 176
53 173 55 176
56 171 58 174
60 166 61 171
59 163 59 174
56 175 58 178
60 172 61 177
50 177 51 182
52 177 55 179
52 180 55 182
46 185 51 186
50 183 55 184
56 179 58 182
59 178 61 181
52 185 57 186
56 183 61 184
62 171 67 172
62 173 67 174
62 175 64 178
65 175 67 178
68 171 70 174
71 171 73 174
68 175 71 177
74 167 74 178
62 179 64 182
65 179 67 182
58 185 63 186
62 183 67 184
68 179 70 182
72 175 73 180
64 185 69 186
68 183 73 184
70 185 73 186
74 155 79 156
75 157 80 158
75 159 77 162
78 159 80 162
80 155 83 156
81 157 86 158
81 159 86 160
81 161 86 162
75 163 77 166
78 163 80 166
75 167 77 170
78 167 80 170
81 163 83 166
84 163 86 166
81 167 83 170
84 167 86 170
87 156 90 158
88 159 90 162
91 156 92 161
93 156 96 158
97 152 98 157
99 147 99 158
93 159 95 162
96 159 99 161
87 163 89 166
90 163 92 166
87 167 89 170
90 167 92 170
93 163 95 166
96 162 99 164
93 167 95 170
96 165 98 168
75 171 77 174
78 171 80 174
75 175 77 178
78 175 80 178
81 171 83 174
84 171 86 174
81 175 83 178
84 175 86 178
75 179 77 182
78 179 80 182
75 183 77 186
78 183 80 186
81 179 86 180
81 181 86 182
81 183 86 184
87 171 89 174
90 171 92 174
87 175 89 178
90 175 92 178
93 171 95 174
96 169 99 171
96 172 99 174
93 175 95 178
96 175 99 177
87 179 89 182
90 179 92 182
87 183 89 186
93 179 95 182
96 178 99 180
90 183 95 184
96 181 99 183
91 185 96 186
0 187 3 189
0 190 2 193
4 187 5 192
6 186 8 189
9 187 11 190
6 191 9 193
0 194 5 195
2 196 5 198
2 199 5 201
6 194 8 197
9 194 11 197
6 198 8 201
9 198 11 201
13 186 17 187
12 188 17 189
10 191 13 193
14 190 17 192
18 187 21 189
18 190 20 193
22 187 24 190
21 191 24 193
12 194 14 197
15 193 17 196
12 198 14 201
15 197 17 200
18 194 20 197
21 194 24 196
18 198 20 201
21 197 24 199
0 196 0 207
0 208 5 209
1 202 6 203
1 204 6 205
7 202 9 205
1 206 6 207
6 208 11 209
0 210 2 213
3 210 5 213
0 214 2 217
3 214 5 217
6 210 8 213
9 210 11 213
6 214 11 215
10 202 15 203
10 204 15 205
7 206 12 207
16 201 17 206
13 206 15 209
21 200 24 202
18 203 23 204
18 205 20 208
21 205 24 207
12 210 14 213
16 207 17 212
7 216 12 217
12 214 17 215
18 209 20 212
21 208 24 210
13 216 18 217
19 214 21 217
22 214 24 217
25 187 28 189
25 190 27 193
29 187 30 192
31 187 34 189
32 190 34 193
35 187 36 192
25 194 27 197
28 193 30 196
25 198 27 201
28 197 30 200
31 194 33 197
34 194 36 197
31 198 33 201
34 198 36 201
37 187 40 189
37 190 39 193
41 187 42 192
44 183 45 188
46 187 49 189
43 189 45 192
46 190 48 193
37 194 39 197
37 198 39 201
41 193 42 198
40 190 40 201
43 193 45 196
46 194 49 196
43 197 45 200
46 197 49 199
28 201 30 204
25 202 26 207
27 205 30 207
25 208 30 209
31 202 36 203
31 204 36 205
31 206 36 207
21 211 26 212
15 213 26 213
27 210 30 212
25 214 27 217
28 213 30 216
31 208 33 211
34 208 35 213
31 212 33 215
31 216 36 217
37 202 39 205
40 202 42 205
37 206 42 207
43 202 45 205
46 202 48 205
43 206 48 207
36 208 47 208
36 209 47 209
36 210 39 212
40 210 42 213
34 214 39 215
40 214 42 217
43 210 45 213
46 210 48 213
49 202 49 213
43 214 48 215
0 218 2 221
3 218 5 221
0 222 2 225
3 222 5 225
6 218 8 221
9 218 11 221
6 222 8 225
9 222 11 225
0 226 3 228
0 229 2 232
4 227 5 232
6 226 8 229
9 226 11 229
6 230 8 233
9 230 11 233
13 218 15 221
12 222 14 225
16 218 17 223
18 218 20 221
21 218 23 221
18 222 20 225
21 222 23 225
15 224 17 227
12 228 17 229
12 230 14 233
18 226 20 229
21 226 23 229
24 218 24 229
17 230 19 233
0 233 2 236
0 237 2 240
4 233 5 238
3 229 3 240
6 234 9 236
4 239 8 240
9 237 11 240
0 241 11 241
0 242 2 245
3 242 5 245
0 246 5 247
0 248 5 249
6 242 8 245
9 242 11 245
6 246 11 247
10 234 15 235
12 236 17 237
12 238 14 241
15 238 17 241
16 234 21 235
18 236 23 237
18 238 20 241
21 238 24 240
12 242 14 245
7 248 12 249
15 242 16 247
17 242 20 244
21 241 24 243
13 248 18 249
17 246 22 247
19 248 24 249
25 218 27 221
28 217 30 220
25 222 27 225
31 218 33 221
34 218 36 221
31 222 33 225
34 222 36 225
25 226 27 229
29 221 30 226
20 230 25 231
20 232 25 233
28 227 30 230
31 226 33 229
34 226 36 229
28 231 31 233
32 230 34 233
37 216 39 219
37 220 42 221
37 222 42 223
37 224 42 225
40 218 45 219
46 216 49 218
43 220 48 221
43 222 45 225
46 222 48 225
37 226 39 229
40 226 42 229
35 230 37 233
43 226 45 229
46 226 49 228
38 230 43 231
38 232 43 233
46 229 49 231
22 234 25 235
26 230 27 235
28 234 30 237
25 236 26 241
27 238 30 240
32 234 35 236
31 237 33 240
34 237 36 240
25 242 28 244
17 245 28 245
23 246 28 247
29 242 30 247
25 248 30 249
31 242 33 245
34 242 36 245
31 246 33 249
34 246 36 249
36 234 39 236
40 234 42 237
37 237 39 240
27 241 38 241
40 238 42 241
44 230 45 235
46 232 49 234
43 236 48 237
44 238 47 240
37 242 39 245
40 242 42 245
37 246 39 249
40 246 42 249
43 241 45 244
46 241 48 244
43 245 45 248
49 235 49 246
46 245 47 249
50 187 53 189
49 190 52 192
54 187 55 192
56 187 59 189
56 190 58 193
59 190 61 193
50 193 53 195
50 196 53 197
41 201 52 201
54 193 55 198
50 198 53 200
56 194 58 197
59 194 61 197
54 199 57 201
58 198 61 200
60 187 63 189
64 187 67 189
62 190 67 191
68 187 71 189
63 192 68 193
74 179 74 190
69 190 72 192
62 194 64 197
65 194 67 197
62 198 64 201
69 193 70 198
65 199 70 200
71 193 72 198
73 187 73 198
50 202 52 205
53 202 55 205
50 206 52 209
53 206 55 209
56 202 58 205
60 201 61 206
56 206 59 208
50 210 52 213
53 210 55 213
50 214 52 217
53 214 55 217
56 209 58 212
60 207 61 212
56 213 58 216
59 213 61 216
62 202 64 205
65 201 67 204
62 206 64 209
65 205 67 208
68 201 70 204
71 199 73 202
74 191 74 202
71 203 74 205
68 205 70 208
71 206 74 208
62 210 64 213
62 214 64 217
65 209 66 214
67 209 70 211
71 209 74 211
67 212 72 213
65 215 68 217
69 214 74 215
69 216 74 217
75 187 78 189
75 190 80 191
75 192 80 193
79 187 82 189
83 185 85 188
81 190 83 193
75 194 77 197
75 198 80 199
84 189 85 194
86 185 86 196
82 195 85 197
76 200 81 201
82 198 84 201
87 187 92 188
87 189 89 192
90 189 92 192
97 185 99 188
94 187 95 192
96 189 99 191
87 193 98 193
90 194 92 197
87 195 89 198
85 199 88 201
89 199 92 201
93 194 95 197
96 194 98 197
93 198 95 201
96 198 99 200
75 202 80 203
75 204 80 205
75 206 77 209
78 206 80 209
81 202 83 205
84 202 86 205
81 206 83 209
84 206 86 209
75 210 77 213
78 210 80 213
75 214 77 217
81 210 83 213
84 210 86 213
78 214 83 215
78 216 83 217
84 214 86 217
87 202 89 205
90 202 92 205
87 206 89 209
93 202 95 205
90 206 95 207
96 201 97 206
98 201 99 206
87 210 89 213
90 209 92 212
87 214 89 217
90 214 92 217
93 209 95 212
96 209 99 211
93 213 95 216
96 212 99 214
96 215 99 217
50 218 52 221
53 218 55 221
49 222 52 224
53 222 55 225
56 217 58 220
59 217 61 220
56 221 58 224
59 221 61 224
50 225 52 228
53 226 55 229
52 230 54 233
56 225 58 228
59 225 61 228
55 230 57 233
58 229 61 231
62 218 64 221
65 218 67 221
62 222 64 225
65 222 67 225
68 218 70 221
71 218 74 220
68 222 70 225
71 221 74 223
62 226 64 229
65 226 67 229
62 230 64 233
65 230 67 233
68 226 70 229
71 224 74 226
71 227 74 229
68 230 70 233
71 230 74 232
50 229 51 234
50 235 53 237
50 240 55 241
54 234 59 235
54 236 59 237
60 232 61 237
52 238 57 239
59 238 61 241
50 242 55 243
50 244 52 247
53 244 55 247
48 248 53 249
56 240 58 243
56 244 61 245
56 246 58 249
59 246 61 249
62 234 67 235
62 236 64 239
62 240 67 241
68 234 70 237
71 233 74 235
68 238 70 241
71 236 74 238
71 239 74 241
59 242 64 243
65 242 67 245
62 244 64 247
62 248 67 249
68 242 70 245
71 242 73 245
65 246 70 247
68 248 73 249
75 218 77 221
78 218 80 221
75 222 80 223
75 224 80 225
81 218 83 221
84 218 86 221
81 222 83 225
75 226 77 229
78 226 80 229
75 230 77 233
78 230 80 233
81 226 83 229
84 225 86 228
81 230 83 233
84 229 86 232
87 218 89 221
90 218 92 221
84 222 89 223
93 217 95 220
96 218 99 220
84 224 95 224
93 221 96 223
87 225 98 225
87 226 89 229
90 226 92 229
87 230 89 233
90 230 92 233
93 226 95 229
96 226 98 229
93 230 95 233
96 230 98 233
75 234 77 237
78 234 80 237
75 238 80 239
81 234 83 237
84 233 86 236
81 238 83 241
84 237 86 240
75 241 77 244
78 240 80 243
71 246 76 247
77 245 80 247
74 248 79 249
84 241 86 243
81 244 86 245
81 246 83 249
84 246 86 249
87 234 89 237
90 234 92 237
87 238 89 241
90 238 92 241
93 234 95 237
99 224 99 235
96 234 98 237
94 238 99 239
93 240 98 241
87 242 89 245
90 242 92 245
87 246 89 249
90 246 92 249
93 242 95 245
96 242 99 244
93 246 95 249
96 245 99 247
100 124 102 127
100 128 102 131
103 125 105 128
106 125 109 127
103 129 106 131
110 124 111 129
107 128 109 131
100 132 102 135
103 132 105 135
100 136 102 139
103 136 105 139
106 132 108 135
110 130 111 135
106 136 108 139
109 136 111 139
112 125 115 127
112 128 114 131
116 125 117 130
118 125 123 126
118 127 120 130
121 127 124 129
112 132 114 135
115 132 117 135
112 136 114 139
115 136 117 139
118 132 120 135
121 132 124 134
121 135 124 137
118 138 123 139
100 140 102 143
100 144 102 147
104 140 105 145
106 140 108 143
109 140 111 143
103 146 108 147
100 148 105 149
100 150 105 151
100 152 102 155
103 152 105 155
109 146 111 149
106 150 111 151
106 152 108 155
109 152 111 155
114 140 117 142
112 143 114 146
115 143 117 146
118 140 120 143
121 140 123 143
118 144 120 147
121 144 124 146
112 147 114 150
112 151 114 154
116 147 117 152
118 148 123 149
118 150 120 153
121 150 123 153
116 154 121 155
124 125 129 126
125 127 127 130
115 131 126 131
128 127 130 130
131 125 134 127
131 128 136 129
131 130 136 131
127 131 130 133
125 134 130 135
125 136 127 139
128 136 130 139
131 132 133 135
134 132 136 135
131 136 133 139
134 136 136 139
135 125 138 127
139 125 142 127
137 128 139 131
140 128 142 131
143 125 146 127
143 128 145 131
147 124 148 129
137 132 142 133
137 134 139 137
140 134 142 137
137 138 142 139
143 132 145 135
146 130 147 135
149 124 149 135
143 136 145 139
146 136 148 139
124 140 127 142
128 140 130 143
125 143 127 146
131 140 133 143
134 140 136 143
128 144 133 145
121 147 132 147
124 148 127 150
128 148 130 151
124 151 126 154
127 152 130 154
131 148 133 151
135 144 136 149
122 155 133 155
134 144 134 155
135 150 136 155
137 140 139 143
137 144 139 147
140 140 141 145
143 140 145 143
146 140 149 142
143 144 145 147
146 143 149 145
137 148 139 151
140 146 141 151
142 140 142 151
137 152 139 155
140 152 142 155
143 148 145 151
146 146 149 148
146 149 149 151
143 152 145 155
146 152 149 154
100 156 103 158
100 159 102 162
104 156 105 161
106 156 109 158
106 159 109 161
110 156 111 161
99 165 104 166
100 167 102 170
103 162 106 164
107 162 110 164
105 165 110 166
103 167 108 168
109 167 111 169
112 155 114 158
115 147 115 158
112 159 114 162
115 159 117 162
116 156 121 157
118 158 120 161
122 156 124 159
121 160 124 162
111 163 114 165
112 166 114 169
103 170 114 170
116 163 117 168
118 162 120 165
121 163 124 165
115 169 120 170
119 166 122 168
100 171 102 174
103 171 105 174
100 175 102 178
103 175 105 178
106 171 111 172
106 173 111 174
106 175 108 178
100 179 102 182
103 179 105 182
100 183 105 184
100 185 105 186
106 179 108 182
109 176 110 181
106 183 108 186
111 175 111 186
112 171 114 174
112 175 114 178
115 171 116 176
117 171 120 173
121 169 124 171
121 172 124 174
117 174 120 176
116 177 121 178
122 175 124 178
112 179 114 182
112 183 114 186
115 179 116 184
117 179 120 181
121 179 124 181
117 182 120 184
115 185 120 186
121 182 124 184
125 156 128 158
125 159 127 162
129 156 130 161
131 156 134 158
131 159 133 162
135 156 136 161
125 163 127 166
128 162 130 165
123 167 128 168
125 169 130 170
131 163 133 166
134 162 136 165
129 167 134 168
131 169 136 170
139 156 142 158
137 156 138 161
139 159 142 161
143 157 148 158
143 159 145 162
146 159 148 162
137 162 139 165
140 162 142 165
135 167 140 168
137 169 142 170
134 166 145 166
144 163 149 164
141 167 146 168
147 167 149 170
125 171 127 174
128 171 130 174
125 175 127 178
128 175 130 178
131 171 133 174
134 171 136 174
131 175 133 178
134 175 136 178
125 179 127 182
128 179 130 182
125 183 127 186
128 183 130 186
131 179 133 182
134 179 136 182
131 183 133 186
137 171 139 174
140 171 142 174
137 175 139 178
140 175 142 178
143 169 145 172
146 171 149 173
143 173 145 176
146 174 149 176
143 177 148 178
137 179 139 182
140 179 142 182
134 183 139 184
134 185 139 186
140 183 142 186
143 179 145 182
146 179 149 181
143 183 145 186
146 182 149 184
150 125 153 127
150 128 152 131
154 125 155 130
156 125 159 127
156 128 158 131
160 125 161 130
150 132 152 135
153 131 155 134
149 136 151 139
153 135 155 138
156 132 158 135
159 131 161 134
156 136 158 139
159 135 161 138
165 122 167 125
162 125 164 128
165 126 167 129
162 130 167 131
168 124 170 127
171 125 174 127
168 128 170 131
171 128 173 131
162 132 167 133
162 134 167 135
162 136 164 139
168 132 170 135
171 132 174 134
167 136 170 138
171 135 174 137
165 139 174 139
150 140 152 143
153 139 155 142
150 144 152 147
153 143 155 146
159 139 161 141
156 142 161 143
156 144 158 147
159 144 161 147
150 148 152 151
153 147 155 150
150 152 152 155
153 151 155 154
156 148 158 151
159 148 161 151
156 152 158 155
159 152 161 155
162 140 164 143
165 140 167 143
162 144 167 145
162 146 167 147
168 140 170 143
171 140 173 143
168 144 170 147
171 144 174 146
162 148 164 151
162 152 164 155
165 149 167 152
168 148 170 151
171 147 174 149
165 153 168 155
171 150 173 153
175 125 180 126
175 127 177 130
178 127 180 130
184 123 186 126
181 125 183 128
184 127 186 130
176 131 177 136
178 131 179 136
176 137 179 139
181 129 183 132
180 133 183 135
180 136 183 138
185 131 186 136
187 125 190 127
187 128 189 131
191 125 192 130
196 123 199 125
193 125 195 128
196 126 199 128
193 129 196 131
187 132 189 135
190 131 192 134
184 137 187 139
188 136 190 139
197 129 199 132
193 132 196 134
191 135 194 137
195 135 198 137
191 138 196 139
175 131 175 142
176 140 178 143
175 144 177 147
179 140 180 145
181 139 183 142
184 140 186 143
181 143 183 146
175 148 177 151
178 148 180 151
174 152 176 155
178 152 180 155
181 148 183 151
184 148 186 151
181 152 186 153
187 140 189 143
190 140 192 143
184 144 189 145
178 147 189 147
190 144 192 147
193 140 195 143
197 138 198 143
193 144 195 147
199 134 199 145
187 148 189 151
190 148 192 151
182 154 187 155
187 152 192 153
193 148 195 151
196 144 197 149
188 154 193 155
198 147 199 152
196 150 197 155
149 156 152 158
153 155 155 158
149 159 151 162
152 159 155 161
156 156 159 158
156 159 158 162
159 159 161 162
146 165 151 166
152 162 155 164
150 167 152 170
153 165 155 168
156 163 158 166
159 163 161 166
156 167 158 170
159 167 161 170
160 156 165 157
162 158 164 161
166 156 167 161
169 152 170 157
171 154 173 157
168 158 170 161
171 158 174 160
162 162 173 162
162 163 164 166
165 163 167 166
162 167 164 170
165 167 167 170
168 163 170 166
171 164 174 166
168 167 173 168
150 171 152 174
153 169 155 172
150 175 152 178
154 173 155 178
156 171 158 174
159 171 161 174
156 175 158 178
159 175 161 178
150 179 155 180
150 181 155 182
150 183 152 186
153 183 155 186
156 179 158 182
159 179 161 182
156 183 158 186
159 183 161 186
162 171 167 172
162 174 164 177
165 173 167 176
169 169 170 174
171 169 174 171
171 172 174 174
169 175 174 176
169 177 174 178
162 178 164 181
166 177 167 182
162 182 164 185
165 183 167 186
168 169 168 180
169 179 174 180
168 181 170 184
171 181 174 183
168 185 173 186
174 156 179 157
175 158 177 161
178 158 180 161
180 156 185 157
181 158 183 161
184 158 186 161
174 162 185 162
175 163 177 166
178 163 180 166
174 167 179 168
181 163 183 166
184 163 186 166
180 167 183 169
184 167 186 170
186 156 191 157
187 158 189 161
190 158 192 161
194 152 195 157
198 153 199 158
193 158 195 161
196 156 197 161
186 162 197 162
187 163 189 166
190 163 192 166
187 167 189 170
190 167 192 170
193 163 195 166
198 159 199 164
193 167 195 170
196 163 197 168
175 170 177 173
178 169 179 174
175 174 177 177
178 175 180 178
180 170 183 172
184 171 186 174
182 173 183 178
175 178 177 181
178 179 180 182
175 182 177 185
178 183 180 186
181 179 183 182
185 175 186 180
181 183 183 186
184 181 186 184
187 172 190 174
187 175 189 178
191 171 192 176
193 171 195 174
196 169 199 171
196 172 199 174
193 175 195 178
196 175 199 177
187 179 189 182
190 177 192 180
187 183 189 186
190 181 192 184
193 179 195 182
196 178 199 180
193 183 195 186
196 181 199 183
196 184 199 186
100 187 103 189
100 190 102 193
104 187 105 192
109 182 110 187
106 188 111 189
106 190 108 193
109 190 111 193
99 194 102 196
100 197 102 200
104 193 105 198
106 194 108 197
109 194 111 197
103 199 106 201
107 198 109 201
112 187 115 189
112 190 114 193
116 187 117 192
121 185 124 187
118 187 120 190
121 188 123 191
115 193 117 196
112 195 114 198
110 199 113 201
115 197 117 200
118 191 120 194
121 192 124 194
118 195 121 197
118 198 120 201
122 195 123 200
100 201 102 204
103 202 105 205
90 208 101 208
106 202 108 205
109 202 111 205
96 207 107 207
102 208 107 209
108 206 111 208
100 210 102 213
103 210 105 213
100 214 102 217
103 214 105 217
106 210 108 213
106 214 108 217
109 209 110 214
112 202 114 205
115 201 117 204
112 206 114 209
115 205 117 208
118 202 120 205
121 201 124 203
118 206 120 209
121 204 124 206
111 210 114 212
115 209 117 212
112 213 114 216
118 210 122 211
118 212 122 213
123 207 124 212
115 214 120 215
117 216 122 217
125 187 128 189
125 190 127 193
129 187 130 192
131 187 134 189
131 190 133 193
135 187 136 192
125 194 127 197
128 193 130 196
124 198 127 200
128 197 130 200
131 194 133 197
134 193 136 196
131 198 134 200
125 201 136 201
137 187 140 189
137 190 139 193
141 187 142 192
146 185 149 187
144 188 149 189
143 190 145 193
146 190 149 192
137 194 142 195
136 198 139 200
134 197 145 197
143 194 148 195
137 196 148 196
140 198 145 199
140 200 145 201
146 197 149 199
125 202 127 205
128 202 130 205
125 206 127 209
128 206 130 209
131 202 133 205
134 202 136 205
131 206 133 209
134 206 136 209
125 210 127 213
121 214 126 215
128 210 129 215
123 216 128 217
131 210 133 213
134 210 136 213
130 214 133 216
134 214 136 217
137 201 139 204
140 202 142 205
137 205 139 208
140 206 142 209
143 202 148 203
143 204 148 205
144 207 149 208
137 209 139 212
140 210 142 213
137 213 139 216
140 214 142 217
146 209 149 211
144 209 145 214
143 206 143 217
146 212 148 215
144 216 149 217
100 218 102 221
103 218 105 221
100 222 105 223
100 224 105 225
106 218 108 221
109 215 111 218
106 222 108 225
109 219 111 222
100 226 102 229
103 226 105 229
100 230 102 233
103 230 105 233
106 226 108 229
109 223 111 226
106 230 108 233
109 227 111 230
112 217 114 220
115 216 116 221
112 222 117 223
112 224 117 225
117 218 120 220
121 218 124 220
118 221 120 224
121 221 124 223
112 226 114 229
115 226 117 229
112 230 117 231
111 232 116 233
118 225 120 228
121 224 124 226
121 227 124 229
118 229 120 232
121 230 124 232
100 234 102 237
103 234 105 237
100 238 102 241
103 238 105 241
106 234 108 237
109 231 110 236
107 238 109 241
100 242 102 245
103 242 105 245
96 248 101 249
102 246 104 249
106 242 108 245
110 237 111 242
105 246 108 248
109 243 111 246
111 234 114 236
115 234 117 237
112 237 114 240
121 233 124 235
119 233 120 238
115 238 118 240
121 236 123 239
112 241 123 241
112 242 114 245
109 247 112 249
115 244 117 247
115 242 120 243
118 244 123 245
113 248 118 249
124 236 124 247
119 246 121 249
125 218 127 221
125 222 127 225
129 217 130 222
131 217 133 220
134 218 136 221
131 221 133 224
134 222 136 225
125 226 127 229
128 218 128 229
129 223 130 228
125 230 127 233
131 225 133 228
134 226 136 229
129 229 131 232
137 217 139 220
140 218 142 221
137 221 139 224
140 222 142 225
143 218 145 221
146 218 149 220
143 222 145 225
137 226 142 227
137 228 142 229
132 230 137 231
128 233 139 233
143 226 145 229
146 221 147 226
148 223 149 228
138 230 143 231
140 232 145 233
146 227 147 232
125 234 127 237
128 234 130 237
125 238 127 241
128 238 130 241
131 234 136 235
132 236 133 241
134 236 136 239
125 242 127 245
128 242 130 245
122 248 127 249
134 240 136 243
131 236 131 247
132 246 134 249
137 234 139 237
140 234 142 237
137 238 139 241
140 238 142 241
143 234 145 237
148 229 149 234
143 238 145 241
146 233 147 238
148 235 149 240
132 244 137 245
137 242 142 243
135 246 140 247
135 248 140 249
138 244 143 245
146 239 147 244
144 242 145 247
148 242 149 247
141 248 146 249
150 187 153 189
150 190 152 193
154 188 155 193
156 187 159 189
156 190 158 193
160 187 161 192
149 194 152 196
153 194 155 197
146 200 151 201
150 198 155 199
156 194 158 197
159 193 161 196
152 200 157 201
156 198 161 199
162 186 164 189
162 190 164 193
165 187 167 190
168 187 171 189
165 191 168 193
172 187 174 190
169 190 171 193
162 194 164 197
165 194 167 197
162 198 167 199
168 194 170 197
172 191 174 194
171 195 174 197
168 198 173 199
161 200 172 200
149 202 151 205
152 202 155 204
150 206 152 209
153 205 155 208
158 200 160 203
156 204 161 205
156 206 158 209
159 206 161 209
150 210 152 213
153 209 155 212
150 214 152 217
153 214 155 217
156 210 158 213
159 210 161 213
156 214 161 215
156 216 161 217
161 201 164 203
165 201 167 204
162 204 164 207
165 205 167 208
168 201 170 204
171 201 174 203
168 205 170 208
171 204 174 206
171 207 174 209
162 208 164 211
165 209 167 212
162 212 164 215
165 213 167 216
171 210 173 213
169 209 170 214
168 215 173 216
162 217 173 217
175 186 177 189
175 190 177 193
178 187 180 190
181 187 184 189
178 191 181 193
185 185 186 190
182 190 184 193
175 194 177 197
178 194 180 197
174 198 177 200
178 198 180 201
181 194 183 197
185 191 186 196
181 198 183 201
184 197 186 200
190 185 192 188
187 187 189 190
190 189 192 192
193 187 196 189
193 190 195 193
197 187 199 190
187 191 189 194
187 195 190 197
187 198 189 201
191 193 192 198
193 194 195 197
196 191 197 196
198 191 199 196
190 199 195 200
196 197 198 200
190 201 199 201
175 201 177 204
178 202 180 205
175 205 177 208
178 206 180 209
181 202 183 205
184 201 186 204
175 209 177 212
178 210 180 213
175 213 177 216
178 214 180 217
181 206 182 211
184 205 185 210
183 206 183 217
184 211 185 216
186 205 186 216
187 202 189 205
190 202 192 205
187 206 189 209
190 206 192 209
193 202 195 205
196 202 199 204
193 206 195 209
196 205 199 207
187 210 189 213
190 210 192 213
187 214 189 217
190 214 192 217
193 210 195 213
197 208 199 211
193 214 195 217
196 212 199 214
196 215 199 217
150 218 152 221
150 222 152 225
153 219 155 222
156 218 158 221
159 218 161 221
153 223 156 225
157 222 159 225
150 226 152 229
153 226 155 229
150 230 152 233
153 230 155 233
156 226 158 229
160 222 161 227
156 230 158 233
159 228 161 231
162 218 164 221
165 218 167 221
162 222 164 225
165 222 167 225
168 218 170 221
171 218 173 221
174 210 174 221
168 222 170 225
171 222 173 225
162 226 164 229
165 226 167 229
159 232 164 233
162 230 167 231
168 226 173 227
168 228 173 229
168 230 170 233
171 230 174 232
150 234 155 235
150 236 152 239
153 236 155 239
150 240 155 241
156 234 158 237
159 234 161 237
156 238 158 241
159 238 161 241
150 242 152 245
153 242 155 245
147 248 152 249
150 246 155 247
156 242 158 245
159 242 161 245
153 248 158 249
156 246 161 247
162 234 164 237
165 233 167 236
162 238 164 241
165 237 167 240
168 234 170 237
171 233 174 235
168 238 170 241
171 236 173 239
162 242 164 245
165 241 167 244
159 248 164 249
162 246 167 247
168 242 170 245
171 240 173 243
168 246 170 249
171 244 174 246
171 247 174 249
175 217 177 220
178 218 180 221
174 222 177 224
178 222 180 225
184 217 186 220
181 212 181 223
182 218 183 223
181 224 186 225
175 225 177 228
178 226 180 229
181 226 183 229
184 226 186 229
178 230 183 231
178 232 183 233
184 230 186 233
187 218 189 221
190 218 192 221
184 222 189 223
190 222 192 225
193 218 195 221
196 218 198 221
193 222 195 225
196 222 199 224
188 224 189 229
190 226 192 229
187 230 189 233
190 230 192 233
193 226 195 229
196 225 199 227
193 230 195 233
196 228 198 231
176 229 177 234
175 235 178 237
174 238 177 240
179 234 180 239
181 234 183 237
184 234 186 237
181 238 183 241
184 238 186 241
174 241 177 243
178 240 180 243
175 244 177 247
178 245 180 248
181 242 183 245
184 242 186 245
181 246 183 249
184 246 186 249
187 234 189 237
187 238 189 241
191 235 192 240
193 234 195 237
196 232 199 234
193 238 195 241
196 235 198 238
196 239 199 241
190 234 190 245
187 242 188 247
189 242 189 249
191 241 192 246
193 242 195 245
196 242 199 244
190 247 193 249
194 246 195 249
196 245 199 247
196 248 199 249
